 Creating new Groups object
Trying to load the custom-built native-hadoop library...
Failed to load native-hadoop with error: java.lang.UnsatisfiedLinkError: no hadoop in java.library.path
java.library.path=/usr/java/packages/lib/amd64:/usr/lib64:/lib64:/lib:/usr/lib
Unable to load native-hadoop library for your platform... using builtin-java classes where applicable
Falling back to shell based
Group mapping impl=org.apache.hadoop.security.ShellBasedUnixGroupsMapping
Failed to detect a valid hadoop home directory
java.io.IOException: HADOOP_HOME or hadoop.home.dir are not set.
	at org.apache.hadoop.util.Shell.checkHadoopHome(Shell.java:302)
	at org.apache.hadoop.util.Shell.<clinit>(Shell.java:327)
	at org.apache.hadoop.util.StringUtils.<clinit>(StringUtils.java:78)
	at org.apache.hadoop.security.Groups.parseStaticMapping(Groups.java:93)
	at org.apache.hadoop.security.Groups.<init>(Groups.java:77)
	at org.apache.hadoop.security.Groups.getUserToGroupsMappingService(Groups.java:240)
	at org.apache.hadoop.security.Groups.getUserToGroupsMappingService(Groups.java:225)
	at org.apache.hadoop.hbase.security.UserProvider.<clinit>(UserProvider.java:56)
	at org.apache.hadoop.hbase.client.ConnectionFactory.createConnection(ConnectionFactory.java:214)
	at org.apache.hadoop.hbase.client.ConnectionFactory.createConnection(ConnectionFactory.java:119)
	at databases.Hbase.HbaseDbHandler.connectToDb(HbaseDbHandler.java:103)
	at databases.Hbase.HbaseDbHandler.<init>(HbaseDbHandler.java:35)
	at dataGenerator.DataGenerator.<clinit>(DataGenerator.java:19)
setsid exited with exit code 0
Group mapping impl=org.apache.hadoop.security.JniBasedUnixGroupsMappingWithFallback; cacheTimeout=300000; warningDeltaMs=5000
field org.apache.hadoop.metrics2.lib.MutableRate org.apache.hadoop.security.UserGroupInformation$UgiMetrics.loginSuccess with annotation @org.apache.hadoop.metrics2.annotation.Metric(about=, sampleName=Ops, always=false, type=DEFAULT, valueName=Time, value=[Rate of successful kerberos logins and latency (milliseconds)])
field org.apache.hadoop.metrics2.lib.MutableRate org.apache.hadoop.security.UserGroupInformation$UgiMetrics.loginFailure with annotation @org.apache.hadoop.metrics2.annotation.Metric(about=, sampleName=Ops, always=false, type=DEFAULT, valueName=Time, value=[Rate of failed kerberos logins and latency (milliseconds)])
field org.apache.hadoop.metrics2.lib.MutableRate org.apache.hadoop.security.UserGroupInformation$UgiMetrics.getGroups with annotation @org.apache.hadoop.metrics2.annotation.Metric(about=, sampleName=Ops, always=false, type=DEFAULT, valueName=Time, value=[GetGroups])
UgiMetrics, User and group related metrics
hadoop login
hadoop login commit
using local user:UnixPrincipal: gm
UGI loginUser:gm (auth:SIMPLE)
Process identifier=hconnection-0x123f1134 connecting to ZooKeeper ensemble=54.69.202.140:2181
